[ 2016-07-31T19:53:34+08:00 ] 192.168.199.235 /home/mobile/stations_by_train?train_id=
INFO: [ app_init ] --START--
INFO: Run Behavior\BuildLiteBehavior [ RunTime:0.000018s ]
INFO: [ app_init ] --END-- [ RunTime:0.027908s ]
INFO: [ app_begin ] --START--
INFO: Run Behavior\ReadHtmlCacheBehavior [ RunTime:0.019043s ]
INFO: [ app_begin ] --END-- [ RunTime:0.019142s ]
SQL: select tr.Pre_Station,tr.Station_Id ,s.S_Name ,tr.Day,date_format( tr.Arrival_Time,'%H:%i') as Arrival_Time ,
               tr.Stop_time,date_format( tr.Drive_Time,'%H:%i') as Arrival_Time
               from train_router_time tr,station s where tr.Trian_Id = '' and tr.Station_Id = s.S_ID [ RunTime:0.0332s ]
INFO: [ app_end ] --START--
INFO: Run Behavior\ShowPageTraceBehavior [ RunTime:0.028261s ]
INFO: [ app_end ] --END-- [ RunTime:0.028319s ]

[ 2016-07-31T19:53:34+08:00 ] 192.168.199.235 /home/mobile/currentCityInfo?station=3
INFO: [ app_init ] --START--
INFO: Run Behavior\BuildLiteBehavior [ RunTime:0.000025s ]
INFO: [ app_init ] --END-- [ RunTime:0.027912s ]
INFO: [ app_begin ] --START--
INFO: Run Behavior\ReadHtmlCacheBehavior [ RunTime:0.018990s ]
INFO: [ app_begin ] --END-- [ RunTime:0.019100s ]
SQL: select sd.station_id , sd.img_url,s.S_Name ,sd.description from station_describe sd,station s where sd.Station_Id = '3' AND  s.S_ID = sd.Station_Id [ RunTime:0.0317s ]
INFO: [ app_end ] --START--
INFO: Run Behavior\ShowPageTraceBehavior [ RunTime:0.000870s ]
INFO: [ app_end ] --END-- [ RunTime:0.000970s ]

[ 2016-07-31T19:53:40+08:00 ] 192.168.199.235 /home/mobile/StationAllIntroduce?station=3
INFO: [ app_init ] --START--
INFO: Run Behavior\BuildLiteBehavior [ RunTime:0.000026s ]
INFO: [ app_init ] --END-- [ RunTime:0.001013s ]
INFO: [ app_begin ] --START--
INFO: Run Behavior\ReadHtmlCacheBehavior [ RunTime:0.000743s ]
INFO: [ app_begin ] --END-- [ RunTime:0.000822s ]
INFO: [ view_parse ] --START--
INFO: [ template_filter ] --START--
INFO: Run Behavior\ContentReplaceBehavior [ RunTime:0.000784s ]
INFO: [ template_filter ] --END-- [ RunTime:0.000874s ]
INFO: Run Behavior\ParseTemplateBehavior [ RunTime:0.187319s ]
INFO: [ view_parse ] --END-- [ RunTime:0.187406s ]
INFO: [ view_filter ] --START--
INFO: Run Behavior\WriteHtmlCacheBehavior [ RunTime:0.025191s ]
INFO: [ view_filter ] --END-- [ RunTime:0.025277s ]
INFO: [ app_end ] --START--
INFO: Run Behavior\ShowPageTraceBehavior [ RunTime:0.001289s ]
INFO: [ app_end ] --END-- [ RunTime:0.001363s ]

[ 2016-07-31T19:54:21+08:00 ] 192.168.199.235 /home/mobile/login
INFO: [ app_init ] --START--
INFO: Run Behavior\BuildLiteBehavior [ RunTime:0.000011s ]
INFO: [ app_init ] --END-- [ RunTime:0.000294s ]
INFO: [ app_begin ] --START--
INFO: Run Behavior\ReadHtmlCacheBehavior [ RunTime:0.000487s ]
INFO: [ app_begin ] --END-- [ RunTime:0.000547s ]
SQL: select tr.User_ID, tr.Trian_ID Train_Name , u.User_Name , tr.Start_Station ,s_start.S_Name startname
      , tr.End_Staton ,s_end.S_Name endname ,tr.Carriage , tr.Seatnum ,tr.ticket_type ,tr.seatType from ticket_record tr  ,Train t ,
       STATION s_start , STATION s_end  ,USER u  where tr.User_ID = '340322199411241612' and  tr.User_ID = u.User_ID
       and tr.Start_Station = s_start.S_ID 
       and tr.End_Staton = s_end.S_ID and tr.Trian_ID = 'k123'; [ RunTime:0.0353s ]
INFO: [ app_end ] --START--
INFO: Run Behavior\ShowPageTraceBehavior [ RunTime:0.000494s ]
INFO: [ app_end ] --END-- [ RunTime:0.000563s ]

[ 2016-07-31T19:54:21+08:00 ] 192.168.199.235 /home/mobile/stations_by_train?train_id=k123
INFO: [ app_init ] --START--
INFO: Run Behavior\BuildLiteBehavior [ RunTime:0.000020s ]
INFO: [ app_init ] --END-- [ RunTime:0.000534s ]
INFO: [ app_begin ] --START--
INFO: Run Behavior\ReadHtmlCacheBehavior [ RunTime:0.001253s ]
INFO: [ app_begin ] --END-- [ RunTime:0.001379s ]
SQL: select tr.Pre_Station,tr.Station_Id ,s.S_Name ,tr.Day,date_format( tr.Arrival_Time,'%H:%i') as Arrival_Time ,
               tr.Stop_time,date_format( tr.Drive_Time,'%H:%i') as Arrival_Time
               from train_router_time tr,station s where tr.Trian_Id = 'k123' and tr.Station_Id = s.S_ID [ RunTime:0.0069s ]
INFO: [ app_end ] --START--
INFO: Run Behavior\ShowPageTraceBehavior [ RunTime:0.001770s ]
INFO: [ app_end ] --END-- [ RunTime:0.001886s ]

[ 2016-07-31T19:54:22+08:00 ] 192.168.199.235 /home/mobile/currentCityInfo?station=3
INFO: [ app_init ] --START--
INFO: Run Behavior\BuildLiteBehavior [ RunTime:0.000040s ]
INFO: [ app_init ] --END-- [ RunTime:0.001124s ]
INFO: [ app_begin ] --START--
INFO: Run Behavior\ReadHtmlCacheBehavior [ RunTime:0.000863s ]
INFO: [ app_begin ] --END-- [ RunTime:0.000958s ]
SQL: select sd.station_id , sd.img_url,s.S_Name ,sd.description from station_describe sd,station s where sd.Station_Id = '3' AND  s.S_ID = sd.Station_Id [ RunTime:0.0005s ]
INFO: [ app_end ] --START--
INFO: Run Behavior\ShowPageTraceBehavior [ RunTime:0.000990s ]
INFO: [ app_end ] --END-- [ RunTime:0.001101s ]

[ 2016-07-31T19:54:35+08:00 ] 192.168.199.235 /home/mobile/vedios
INFO: [ app_init ] --START--
INFO: Run Behavior\BuildLiteBehavior [ RunTime:0.000020s ]
INFO: [ app_init ] --END-- [ RunTime:0.000546s ]
INFO: [ app_begin ] --START--
INFO: Run Behavior\ReadHtmlCacheBehavior [ RunTime:0.002224s ]
INFO: [ app_begin ] --END-- [ RunTime:0.002326s ]
SQL: SHOW COLUMNS FROM `film` [ RunTime:0.0342s ]
SQL: SELECT * FROM `film` ORDER BY f_id DESC  [ RunTime:0.0010s ]
INFO: [ app_end ] --START--
INFO: Run Behavior\ShowPageTraceBehavior [ RunTime:0.000601s ]
INFO: [ app_end ] --END-- [ RunTime:0.000654s ]

[ 2016-07-31T19:54:40+08:00 ] 192.168.199.235 /home/mobile/foodlist/
INFO: [ app_init ] --START--
INFO: Run Behavior\BuildLiteBehavior [ RunTime:0.000024s ]
INFO: [ app_init ] --END-- [ RunTime:0.000347s ]
INFO: [ app_begin ] --START--
INFO: Run Behavior\ReadHtmlCacheBehavior [ RunTime:0.000622s ]
INFO: [ app_begin ] --END-- [ RunTime:0.000707s ]
SQL: SHOW COLUMNS FROM `commodity` [ RunTime:0.0275s ]
SQL: SELECT * FROM `commodity` WHERE ( Comm_Type = 1 )  [ RunTime:0.0005s ]
INFO: [ app_end ] --START--
INFO: Run Behavior\ShowPageTraceBehavior [ RunTime:0.001576s ]
INFO: [ app_end ] --END-- [ RunTime:0.001676s ]

[ 2016-07-31T19:55:41+08:00 ] 192.168.199.235 /home/mobile/stations_by_train?train_id=k123
INFO: [ app_init ] --START--
INFO: Run Behavior\BuildLiteBehavior [ RunTime:0.000021s ]
INFO: [ app_init ] --END-- [ RunTime:0.000577s ]
INFO: [ app_begin ] --START--
INFO: Run Behavior\ReadHtmlCacheBehavior [ RunTime:0.000846s ]
INFO: [ app_begin ] --END-- [ RunTime:0.000959s ]
SQL: select tr.Pre_Station,tr.Station_Id ,s.S_Name ,tr.Day,date_format( tr.Arrival_Time,'%H:%i') as Arrival_Time ,
               tr.Stop_time,date_format( tr.Drive_Time,'%H:%i') as Arrival_Time
               from train_router_time tr,station s where tr.Trian_Id = 'k123' and tr.Station_Id = s.S_ID [ RunTime:0.0006s ]
INFO: [ app_end ] --START--
INFO: Run Behavior\ShowPageTraceBehavior [ RunTime:0.000992s ]
INFO: [ app_end ] --END-- [ RunTime:0.001191s ]

[ 2016-07-31T19:55:41+08:00 ] 192.168.199.235 /home/mobile/currentCityInfo?station=3
INFO: [ app_init ] --START--
INFO: Run Behavior\BuildLiteBehavior [ RunTime:0.000029s ]
INFO: [ app_init ] --END-- [ RunTime:0.000489s ]
INFO: [ app_begin ] --START--
INFO: Run Behavior\ReadHtmlCacheBehavior [ RunTime:0.000701s ]
INFO: [ app_begin ] --END-- [ RunTime:0.000778s ]
SQL: select sd.station_id , sd.img_url,s.S_Name ,sd.description from station_describe sd,station s where sd.Station_Id = '3' AND  s.S_ID = sd.Station_Id [ RunTime:0.0005s ]
INFO: [ app_end ] --START--
INFO: Run Behavior\ShowPageTraceBehavior [ RunTime:0.001970s ]
INFO: [ app_end ] --END-- [ RunTime:0.002078s ]

[ 2016-07-31T19:59:01+08:00 ] 192.168.199.235 /home/mobile/stations_by_train?train_id=k123
INFO: [ app_init ] --START--
INFO: Run Behavior\BuildLiteBehavior [ RunTime:0.000020s ]
INFO: [ app_init ] --END-- [ RunTime:0.000559s ]
INFO: [ app_begin ] --START--
INFO: Run Behavior\ReadHtmlCacheBehavior [ RunTime:0.000813s ]
INFO: [ app_begin ] --END-- [ RunTime:0.000900s ]
SQL: select tr.Pre_Station,tr.Station_Id ,s.S_Name ,tr.Day,date_format( tr.Arrival_Time,'%H:%i') as Arrival_Time ,
               tr.Stop_time,date_format( tr.Drive_Time,'%H:%i') as Arrival_Time
               from train_router_time tr,station s where tr.Trian_Id = 'k123' and tr.Station_Id = s.S_ID [ RunTime:0.0007s ]
INFO: [ app_end ] --START--
INFO: Run Behavior\ShowPageTraceBehavior [ RunTime:0.001170s ]
INFO: [ app_end ] --END-- [ RunTime:0.001288s ]

[ 2016-07-31T19:59:01+08:00 ] 192.168.199.235 /home/mobile/currentCityInfo?station=3
INFO: [ app_init ] --START--
INFO: Run Behavior\BuildLiteBehavior [ RunTime:0.000071s ]
INFO: [ app_init ] --END-- [ RunTime:0.002101s ]
INFO: [ app_begin ] --START--
INFO: Run Behavior\ReadHtmlCacheBehavior [ RunTime:0.000846s ]
INFO: [ app_begin ] --END-- [ RunTime:0.000934s ]
SQL: select sd.station_id , sd.img_url,s.S_Name ,sd.description from station_describe sd,station s where sd.Station_Id = '3' AND  s.S_ID = sd.Station_Id [ RunTime:0.0005s ]
INFO: [ app_end ] --START--
INFO: Run Behavior\ShowPageTraceBehavior [ RunTime:0.000845s ]
INFO: [ app_end ] --END-- [ RunTime:0.000940s ]

[ 2016-07-31T19:59:09+08:00 ] 192.168.199.235 /home/mobile/stations_by_train?train_id=k123
INFO: [ app_init ] --START--
INFO: Run Behavior\BuildLiteBehavior [ RunTime:0.000015s ]
INFO: [ app_init ] --END-- [ RunTime:0.000419s ]
INFO: [ app_begin ] --START--
INFO: Run Behavior\ReadHtmlCacheBehavior [ RunTime:0.000610s ]
INFO: [ app_begin ] --END-- [ RunTime:0.000689s ]
SQL: select tr.Pre_Station,tr.Station_Id ,s.S_Name ,tr.Day,date_format( tr.Arrival_Time,'%H:%i') as Arrival_Time ,
               tr.Stop_time,date_format( tr.Drive_Time,'%H:%i') as Arrival_Time
               from train_router_time tr,station s where tr.Trian_Id = 'k123' and tr.Station_Id = s.S_ID [ RunTime:0.0005s ]
INFO: [ app_end ] --START--
INFO: Run Behavior\ShowPageTraceBehavior [ RunTime:0.000572s ]
INFO: [ app_end ] --END-- [ RunTime:0.000619s ]

[ 2016-07-31T19:59:09+08:00 ] 192.168.199.235 /home/mobile/currentCityInfo?station=3
INFO: [ app_init ] --START--
INFO: Run Behavior\BuildLiteBehavior [ RunTime:0.000028s ]
INFO: [ app_init ] --END-- [ RunTime:0.001510s ]
INFO: [ app_begin ] --START--
INFO: Run Behavior\ReadHtmlCacheBehavior [ RunTime:0.000761s ]
INFO: [ app_begin ] --END-- [ RunTime:0.000963s ]
SQL: select sd.station_id , sd.img_url,s.S_Name ,sd.description from station_describe sd,station s where sd.Station_Id = '3' AND  s.S_ID = sd.Station_Id [ RunTime:0.0007s ]
INFO: [ app_end ] --START--
INFO: Run Behavior\ShowPageTraceBehavior [ RunTime:0.000769s ]
INFO: [ app_end ] --END-- [ RunTime:0.000892s ]

